Using pre-set license
Built from '2021.3/staging' branch; Version is '2021.3.11f1 (0a5ca18544bf) revision 679073'; Using compiler version '192829333'; Build Type 'Release'
OS: 'Windows 10  (10.0.19044) 64bit Core' Language: 'en' Physical Memory: 16326 MB
BatchMode: 1, IsHumanControllingUs: 0, StartBugReporterOnCrash: 0, Is64bit: 1, IsPro: 1

COMMAND LINE ARGUMENTS:
J:\unity\2021.3.11f1\Editor\Unity.exe
-adb2
-batchMode
-noUpm
-name
AssetImportWorker0
-projectPath
D:/Store/UNI/Year 3/Advanced Games Design and Development/Repo/V2/BalanceGameV2/BalanceGameV2GameFiles
-logFile
Logs/AssetImportWorker0.log
-srvPort
56106
Successfully changed project path to: D:/Store/UNI/Year 3/Advanced Games Design and Development/Repo/V2/BalanceGameV2/BalanceGameV2GameFiles
D:/Store/UNI/Year 3/Advanced Games Design and Development/Repo/V2/BalanceGameV2/BalanceGameV2GameFiles
[UnityMemory] Configuration Parameters - Can be set up in boot.config
    "memorysetup-bucket-allocator-granularity=16"
    "memorysetup-bucket-allocator-bucket-count=8"
    "memorysetup-bucket-allocator-block-size=33554432"
    "memorysetup-bucket-allocator-block-count=8"
    "memorysetup-main-allocator-block-size=16777216"
    "memorysetup-thread-allocator-block-size=16777216"
    "memorysetup-gfx-main-allocator-block-size=16777216"
    "memorysetup-gfx-thread-allocator-block-size=16777216"
    "memorysetup-cache-allocator-block-size=4194304"
    "memorysetup-typetree-allocator-block-size=2097152"
    "memorysetup-profiler-bucket-allocator-granularity=16"
    "memorysetup-profiler-bucket-allocator-bucket-count=8"
    "memorysetup-profiler-bucket-allocator-block-size=33554432"
    "memorysetup-profiler-bucket-allocator-block-count=8"
    "memorysetup-profiler-allocator-block-size=16777216"
    "memorysetup-profiler-editor-allocator-block-size=1048576"
    "memorysetup-temp-allocator-size-main=16777216"
    "memorysetup-job-temp-allocator-block-size=2097152"
    "memorysetup-job-temp-allocator-block-size-background=1048576"
    "memorysetup-job-temp-allocator-reduction-small-platforms=262144"
    "memorysetup-temp-allocator-size-background-worker=32768"
    "memorysetup-temp-allocator-size-job-worker=262144"
    "memorysetup-temp-allocator-size-preload-manager=33554432"
    "memorysetup-temp-allocator-size-nav-mesh-worker=65536"
    "memorysetup-temp-allocator-size-audio-worker=65536"
    "memorysetup-temp-allocator-size-cloud-worker=32768"
    "memorysetup-temp-allocator-size-gi-baking-worker=262144"
    "memorysetup-temp-allocator-size-gfx=262144"
Refreshing native plugins compatible for Editor in 127.15 ms, found 3 plugins.
Preloading 0 native plugins for Editor in 0.00 ms.
Initialize engine version: 2021.3.11f1 (0a5ca18544bf)
[Subsystems] Discovering subsystems at path J:/unity/2021.3.11f1/Editor/Data/Resources/UnitySubsystems
[Subsystems] Discovering subsystems at path D:/Store/UNI/Year 3/Advanced Games Design and Development/Repo/V2/BalanceGameV2/BalanceGameV2GameFiles/Assets
GfxDevice: creating device client; threaded=0; jobified=0
Direct3D:
    Version:  Direct3D 11.0 [level 11.1]
    Renderer: NVIDIA GeForce RTX 3070 Ti (ID=0x2482)
    Vendor:   NVIDIA
    VRAM:     8031 MB
    Driver:   31.0.15.3168
Initialize mono
Mono path[0] = 'J:/unity/2021.3.11f1/Editor/Data/Managed'
Mono path[1] = 'J:/unity/2021.3.11f1/Editor/Data/MonoBleedingEdge/lib/mono/unityjit-win32'
Mono config path = 'J:/unity/2021.3.11f1/Editor/Data/MonoBleedingEdge/etc'
Using monoOptions --debugger-agent=transport=dt_socket,embedding=1,server=y,suspend=n,address=127.0.0.1:56432
Begin MonoManager ReloadAssembly
Registering precompiled unity dll's ...
Register platform support module: J:/unity/2021.3.11f1/Editor/Data/PlaybackEngines/WindowsStandaloneSupport/UnityEditor.WindowsStandalone.Extensions.dll
Registered in 0.005264 seconds.
Native extension for WindowsStandalone target not found
Refreshing native plugins compatible for Editor in 135.93 ms, found 3 plugins.
Preloading 0 native plugins for Editor in 0.00 ms.
Mono: successfully reloaded assembly
- Completed reload, in  0.822 seconds
Domain Reload Profiling:
	ReloadAssembly (823ms)
		BeginReloadAssembly (104ms)
			ExecutionOrderSort (0ms)
			DisableScriptedObjects (0ms)
			BackupInstance (0ms)
			ReleaseScriptingObjects (0ms)
			CreateAndSetChildDomain (1ms)
		EndReloadAssembly (599ms)
			LoadAssemblies (103ms)
			RebuildTransferFunctionScriptingTraits (0ms)
			SetupTypeCache (122ms)
			ReleaseScriptCaches (0ms)
			RebuildScriptCaches (35ms)
			SetupLoadedEditorAssemblies (387ms)
				LogAssemblyErrors (0ms)
				InitializePlatformSupportModulesInManaged (8ms)
				SetLoadedEditorAssemblies (0ms)
				RefreshPlugins (136ms)
				BeforeProcessingInitializeOnLoad (2ms)
				ProcessInitializeOnLoadAttributes (185ms)
				ProcessInitializeOnLoadMethodAttributes (56ms)
				AfterProcessingInitializeOnLoad (0ms)
				EditorAssembliesLoaded (0ms)
			ExecutionOrderSort2 (0ms)
			AwakeInstancesAfterBackupRestoration (0ms)
Platform modules already initialized, skipping
Registering precompiled user dll's ...
Registered in 0.015522 seconds.
Begin MonoManager ReloadAssembly
Symbol file LoadedFromMemory doesn't match image D:\Store\UNI\Year 3\Advanced Games Design and Development\Repo\V2\BalanceGameV2\BalanceGameV2GameFiles\Library\PackageCache\com.unity.visualscripting@1.7.8\Editor\VisualScripting.Core\Dependencies\YamlDotNet\Unity.VisualScripting.YamlDotNet.dll
Symbol file LoadedFromMemory doesn't match image D:\Store\UNI\Year 3\Advanced Games Design and Development\Repo\V2\BalanceGameV2\BalanceGameV2GameFiles\Library\PackageCache\com.unity.visualscripting@1.7.8\Editor\VisualScripting.Core\Dependencies\DotNetZip\Unity.VisualScripting.IonicZip.dll
Native extension for WindowsStandalone target not found
Refreshing native plugins compatible for Editor in 276.06 ms, found 3 plugins.
Preloading 0 native plugins for Editor in 0.00 ms.
Mono: successfully reloaded assembly
- Completed reload, in  2.367 seconds
Domain Reload Profiling:
	ReloadAssembly (2368ms)
		BeginReloadAssembly (320ms)
			ExecutionOrderSort (0ms)
			DisableScriptedObjects (15ms)
			BackupInstance (0ms)
			ReleaseScriptingObjects (0ms)
			CreateAndSetChildDomain (107ms)
		EndReloadAssembly (1888ms)
			LoadAssemblies (158ms)
			RebuildTransferFunctionScriptingTraits (0ms)
			SetupTypeCache (402ms)
			ReleaseScriptCaches (2ms)
			RebuildScriptCaches (98ms)
			SetupLoadedEditorAssemblies (1186ms)
				LogAssemblyErrors (0ms)
				InitializePlatformSupportModulesInManaged (6ms)
				SetLoadedEditorAssemblies (0ms)
				RefreshPlugins (276ms)
				BeforeProcessingInitializeOnLoad (213ms)
				ProcessInitializeOnLoadAttributes (540ms)
				ProcessInitializeOnLoadMethodAttributes (142ms)
				AfterProcessingInitializeOnLoad (8ms)
				EditorAssembliesLoaded (0ms)
			ExecutionOrderSort2 (0ms)
			AwakeInstancesAfterBackupRestoration (15ms)
Platform modules already initialized, skipping
========================================================================
Worker process is ready to serve import requests
Launched and connected shader compiler UnityShaderCompiler.exe after 0.07 seconds
Refreshing native plugins compatible for Editor in 2.24 ms, found 3 plugins.
Preloading 0 native plugins for Editor in 0.00 ms.
Unloading 5338 Unused Serialized files (Serialized files now loaded: 0)
Unloading 35 unused Assets / (0.7 MB). Loaded Objects now: 5792.
Memory consumption went from 210.6 MB to 209.9 MB.
Total: 7.531300 ms (FindLiveObjects: 1.120200 ms CreateObjectMapping: 0.875400 ms MarkObjects: 5.119200 ms  DeleteObjects: 0.414900 ms)

AssetImportParameters requested are different than current active one (requested -> active):
  custom:video-decoder-ogg-theora: a1e56fd34408186e4bbccfd4996cb3dc -> 
  custom:container-muxer-webm: aa71ff27fc2769a1b78a27578f13a17b -> 
  custom:container-demuxer-webm: 4f35f7cbe854078d1ac9338744f61a02 -> 
  custom:video-encoder-webm-vp8: eb34c28f22e8b96e1ab97ce403110664 -> 
  custom:video-codec-MediaFoundation-h265: 746d11721c4dcdbdad8f713fa42b33f4 -> 
  custom:audio-encoder-webm-vorbis: bf7c407c2cedff20999df2af8eb42d56 -> 
  custom:framework-win-MediaFoundation: 216162199b28c13a410421893ffa2e32 -> 
  custom:container-demuxer-ogg: 62fdf1f143b41e24485cea50d1cbac27 -> 
  custom:video-decoder-webm-vp8: 9c59270c3fd7afecdb556c50c9e8de78 -> 
  custom:audio-decoder-ogg-vorbis: bf7c407c2cedff20999df2af8eb42d56 -> 
========================================================================
Received Import Request.
  Time since last request: 11033.734900 seconds.
  path: Assets/Material/Juel's Texture/Terrain/Chunks/Water/WaterShaderTest.shadergraph
  artifactKey: Guid(bd34f86e54706f24ab7f9603dba00519) Importer(815301076,1909f56bfc062723c751e8b465ee728b)
Start importing Assets/Material/Juel's Texture/Terrain/Chunks/Water/WaterShaderTest.shadergraph using Guid(bd34f86e54706f24ab7f9603dba00519) Importer(815301076,1909f56bfc062723c751e8b465ee728b)  -> (artifact id: 'd37fdfb699a33b8420ce7e2c28f9e853') in 0.057580 seconds 
========================================================================
Received Import Request.
  Time since last request: 136.426377 seconds.
  path: Assets/Material/Juel's Texture/Terrain/Chunks/Water/WaterShaderMat.mat
  artifactKey: Guid(9445722ccfb5b744a996287fef1280a0) Importer(815301076,1909f56bfc062723c751e8b465ee728b)
Start importing Assets/Material/Juel's Texture/Terrain/Chunks/Water/WaterShaderMat.mat using Guid(9445722ccfb5b744a996287fef1280a0) Importer(815301076,1909f56bfc062723c751e8b465ee728b)  -> (artifact id: '96d515b80ebef60e1697dceb487892b8') in 0.212794 seconds 
========================================================================
Received Import Request.
  Time since last request: 432.483284 seconds.
  path: Assets/Material/Juel's Texture/Terrain/Chunks/Water/WaterShaderMat.mat
  artifactKey: Guid(9445722ccfb5b744a996287fef1280a0) Importer(815301076,1909f56bfc062723c751e8b465ee728b)
Start importing Assets/Material/Juel's Texture/Terrain/Chunks/Water/WaterShaderMat.mat using Guid(9445722ccfb5b744a996287fef1280a0) Importer(815301076,1909f56bfc062723c751e8b465ee728b)  -> (artifact id: '75dbed22b8f2038d2254b042a5e27a73') in 0.017853 seconds 
========================================================================
Received Import Request.
  Time since last request: 51.131051 seconds.
  path: Assets/Material/Juel's Texture/Terrain/Chunks/Water/WaterShader.shadergraph
  artifactKey: Guid(78c476645d5a56d4fa960f1569cf697f) Importer(815301076,1909f56bfc062723c751e8b465ee728b)
Start importing Assets/Material/Juel's Texture/Terrain/Chunks/Water/WaterShader.shadergraph using Guid(78c476645d5a56d4fa960f1569cf697f) Importer(815301076,1909f56bfc062723c751e8b465ee728b)  -> (artifact id: '69db9403ad187469c3f4447f2dd94ab5') in 0.006645 seconds 
========================================================================
Received Import Request.
  Time since last request: 79.400595 seconds.
  path: Assets/Samples/Universal RP/12.1.7/URP Package Samples
  artifactKey: Guid(2b24ca86f98860142b2abb5cfd67c369) Importer(815301076,1909f56bfc062723c751e8b465ee728b)
Start importing Assets/Samples/Universal RP/12.1.7/URP Package Samples using Guid(2b24ca86f98860142b2abb5cfd67c369) Importer(815301076,1909f56bfc062723c751e8b465ee728b)  -> (artifact id: '6650f36aa61d4ea08d50a7de3a6e3efa') in 0.007304 seconds 
========================================================================
Received Prepare
Registering precompiled user dll's ...
Registered in 0.016691 seconds.
Begin MonoManager ReloadAssembly
Symbol file LoadedFromMemory doesn't match image D:\Store\UNI\Year 3\Advanced Games Design and Development\Repo\V2\BalanceGameV2\BalanceGameV2GameFiles\Library\PackageCache\com.unity.visualscripting@1.7.8\Editor\VisualScripting.Core\Dependencies\YamlDotNet\Unity.VisualScripting.YamlDotNet.dll
Symbol file LoadedFromMemory doesn't match image D:\Store\UNI\Year 3\Advanced Games Design and Development\Repo\V2\BalanceGameV2\BalanceGameV2GameFiles\Library\PackageCache\com.unity.visualscripting@1.7.8\Editor\VisualScripting.Core\Dependencies\DotNetZip\Unity.VisualScripting.IonicZip.dll
Native extension for WindowsStandalone target not found
Refreshing native plugins compatible for Editor in 1.18 ms, found 3 plugins.
Preloading 0 native plugins for Editor in 0.00 ms.
Mono: successfully reloaded assembly
- Completed reload, in  1.492 seconds
Domain Reload Profiling:
	ReloadAssembly (1493ms)
		BeginReloadAssembly (184ms)
			ExecutionOrderSort (0ms)
			DisableScriptedObjects (5ms)
			BackupInstance (0ms)
			ReleaseScriptingObjects (0ms)
			CreateAndSetChildDomain (59ms)
		EndReloadAssembly (1197ms)
			LoadAssemblies (145ms)
			RebuildTransferFunctionScriptingTraits (0ms)
			SetupTypeCache (391ms)
			ReleaseScriptCaches (2ms)
			RebuildScriptCaches (54ms)
			SetupLoadedEditorAssemblies (570ms)
				LogAssemblyErrors (0ms)
				InitializePlatformSupportModulesInManaged (13ms)
				SetLoadedEditorAssemblies (1ms)
				RefreshPlugins (1ms)
				BeforeProcessingInitializeOnLoad (95ms)
				ProcessInitializeOnLoadAttributes (347ms)
				ProcessInitializeOnLoadMethodAttributes (106ms)
				AfterProcessingInitializeOnLoad (6ms)
				EditorAssembliesLoaded (0ms)
			ExecutionOrderSort2 (0ms)
			AwakeInstancesAfterBackupRestoration (15ms)
Platform modules already initialized, skipping
Refreshing native plugins compatible for Editor in 3.55 ms, found 3 plugins.
Preloading 0 native plugins for Editor in 0.00 ms.
Unloading 5252 Unused Serialized files (Serialized files now loaded: 0)
Unloading 29 unused Assets / (0.7 MB). Loaded Objects now: 5842.
Memory consumption went from 207.0 MB to 206.2 MB.
Total: 4.783300 ms (FindLiveObjects: 0.619100 ms CreateObjectMapping: 0.420200 ms MarkObjects: 3.346200 ms  DeleteObjects: 0.396800 ms)

AssetImportParameters requested are different than current active one (requested -> active):
  custom:video-decoder-ogg-theora: a1e56fd34408186e4bbccfd4996cb3dc -> 
  custom:container-muxer-webm: aa71ff27fc2769a1b78a27578f13a17b -> 
  custom:container-demuxer-webm: 4f35f7cbe854078d1ac9338744f61a02 -> 
  custom:video-encoder-webm-vp8: eb34c28f22e8b96e1ab97ce403110664 -> 
  custom:video-codec-MediaFoundation-h265: 746d11721c4dcdbdad8f713fa42b33f4 -> 
  custom:audio-encoder-webm-vorbis: bf7c407c2cedff20999df2af8eb42d56 -> 
  custom:framework-win-MediaFoundation: 216162199b28c13a410421893ffa2e32 -> 
  custom:container-demuxer-ogg: 62fdf1f143b41e24485cea50d1cbac27 -> 
  custom:video-decoder-webm-vp8: 9c59270c3fd7afecdb556c50c9e8de78 -> 
  custom:audio-decoder-ogg-vorbis: bf7c407c2cedff20999df2af8eb42d56 -> 
========================================================================
Received Import Request.
  Time since last request: 18.136899 seconds.
  path: Assets/UniversalRenderPipelineGlobalSettings 1.asset
  artifactKey: Guid(bd20632c5e3fcc14dae8045534cb6b15) Importer(815301076,1909f56bfc062723c751e8b465ee728b)
Start importing Assets/UniversalRenderPipelineGlobalSettings 1.asset using Guid(bd20632c5e3fcc14dae8045534cb6b15) Importer(815301076,1909f56bfc062723c751e8b465ee728b)  -> (artifact id: 'fcc5b88b1c7ee5eefee03870a485ad69') in 0.028666 seconds 
========================================================================
Received Import Request.
  Time since last request: 30.697955 seconds.
  path: Assets/Material/TerrainShader.shadergraph
  artifactKey: Guid(4b02ffad1967b874a9f1011d6df5708e) Importer(815301076,1909f56bfc062723c751e8b465ee728b)
Start importing Assets/Material/TerrainShader.shadergraph using Guid(4b02ffad1967b874a9f1011d6df5708e) Importer(815301076,1909f56bfc062723c751e8b465ee728b)  -> (artifact id: 'ac6516ba900229e73363c0d1d71e3731') in 0.008597 seconds 
========================================================================
Received Import Request.
  Time since last request: 59.547949 seconds.
  path: Assets/Material/TerrainShader.shadergraph
  artifactKey: Guid(4b02ffad1967b874a9f1011d6df5708e) Importer(815301076,1909f56bfc062723c751e8b465ee728b)
Start importing Assets/Material/TerrainShader.shadergraph using Guid(4b02ffad1967b874a9f1011d6df5708e) Importer(815301076,1909f56bfc062723c751e8b465ee728b)  -> (artifact id: 'c229378c9705580d92f1cdb0104f92e7') in 0.009323 seconds 
========================================================================
Received Import Request.
  Time since last request: 20.205241 seconds.
  path: Assets/Material/WaterColour.mat
  artifactKey: Guid(844a420ea9c95514eac66d16ff4a6dd7) Importer(815301076,1909f56bfc062723c751e8b465ee728b)
Start importing Assets/Material/WaterColour.mat using Guid(844a420ea9c95514eac66d16ff4a6dd7) Importer(815301076,1909f56bfc062723c751e8b465ee728b)  -> (artifact id: '7f90e4d4f78393fb5ab334fd2478384e') in 0.942326 seconds 
========================================================================
Received Import Request.
  Time since last request: 208.716471 seconds.
  path: Assets/Material/WaterColour.mat
  artifactKey: Guid(844a420ea9c95514eac66d16ff4a6dd7) Importer(815301076,1909f56bfc062723c751e8b465ee728b)
Start importing Assets/Material/WaterColour.mat using Guid(844a420ea9c95514eac66d16ff4a6dd7) Importer(815301076,1909f56bfc062723c751e8b465ee728b)  -> (artifact id: '354a1b6415ae6f1382f0cb1ac6eeed69') in 0.965821 seconds 
========================================================================
Received Import Request.
  Time since last request: 122.060366 seconds.
  path: Assets/Material/WaterColour.mat
  artifactKey: Guid(844a420ea9c95514eac66d16ff4a6dd7) Importer(815301076,1909f56bfc062723c751e8b465ee728b)
Start importing Assets/Material/WaterColour.mat using Guid(844a420ea9c95514eac66d16ff4a6dd7) Importer(815301076,1909f56bfc062723c751e8b465ee728b)  -> (artifact id: '7cdbd05c9f890ba52729d7024192aea8') in 1.090803 seconds 
========================================================================
Received Import Request.
  Time since last request: 290.629178 seconds.
  path: Assets/Material/WaterColour.mat
  artifactKey: Guid(844a420ea9c95514eac66d16ff4a6dd7) Importer(815301076,1909f56bfc062723c751e8b465ee728b)
Start importing Assets/Material/WaterColour.mat using Guid(844a420ea9c95514eac66d16ff4a6dd7) Importer(815301076,1909f56bfc062723c751e8b465ee728b)  -> (artifact id: '5ecec2b30e5a756475e6ca1e20c1d063') in 1.215045 seconds 
========================================================================
Received Import Request.
  Time since last request: 13.043381 seconds.
  path: Assets/Samples/Universal RP/12.1.7/URP Package Samples/RendererFeatures/TrailEffect/SandBoxModel.fbx
  artifactKey: Guid(f1f08d97080a74f23bb37c0c1b38d2c4) Importer(815301076,1909f56bfc062723c751e8b465ee728b)
Start importing Assets/Samples/Universal RP/12.1.7/URP Package Samples/RendererFeatures/TrailEffect/SandBoxModel.fbx using Guid(f1f08d97080a74f23bb37c0c1b38d2c4) Importer(815301076,1909f56bfc062723c751e8b465ee728b)  -> (artifact id: 'ff4c1d8e80da12b9106ad0b4a3c9a9f1') in 0.117684 seconds 
========================================================================
Received Import Request.
  Time since last request: 6.988594 seconds.
  path: Assets/Material/WaterColour.mat
  artifactKey: Guid(844a420ea9c95514eac66d16ff4a6dd7) Importer(815301076,1909f56bfc062723c751e8b465ee728b)
Start importing Assets/Material/WaterColour.mat using Guid(844a420ea9c95514eac66d16ff4a6dd7) Importer(815301076,1909f56bfc062723c751e8b465ee728b)  -> (artifact id: 'af4c3e81c8b2cc277bdeb0298e45ec63') in 0.229956 seconds 
========================================================================
Received Import Request.
  Time since last request: 397.100700 seconds.
  path: Assets/Material/WaterColour.mat
  artifactKey: Guid(844a420ea9c95514eac66d16ff4a6dd7) Importer(815301076,1909f56bfc062723c751e8b465ee728b)
Start importing Assets/Material/WaterColour.mat using Guid(844a420ea9c95514eac66d16ff4a6dd7) Importer(815301076,1909f56bfc062723c751e8b465ee728b)  -> (artifact id: '441cbaa6c368ae5b19616fa74f2a3acf') in 1.247056 seconds 
========================================================================
Received Import Request.
  Time since last request: 133.983088 seconds.
  path: Assets/Material/WaterColour.mat
  artifactKey: Guid(844a420ea9c95514eac66d16ff4a6dd7) Importer(815301076,1909f56bfc062723c751e8b465ee728b)
Start importing Assets/Material/WaterColour.mat using Guid(844a420ea9c95514eac66d16ff4a6dd7) Importer(815301076,1909f56bfc062723c751e8b465ee728b)  -> (artifact id: 'b1104c673200a375e82df4d848564f4e') in 1.211961 seconds 
========================================================================
Received Import Request.
  Time since last request: 115.609833 seconds.
  path: Assets/Material/WaterColour.mat
  artifactKey: Guid(844a420ea9c95514eac66d16ff4a6dd7) Importer(815301076,1909f56bfc062723c751e8b465ee728b)
Start importing Assets/Material/WaterColour.mat using Guid(844a420ea9c95514eac66d16ff4a6dd7) Importer(815301076,1909f56bfc062723c751e8b465ee728b)  -> (artifact id: '6127f5a94c790b051e9c3199eaf1d1e1') in 0.043235 seconds 
========================================================================
Received Import Request.
  Time since last request: 56.241239 seconds.
  path: Assets/Material/Juel's Texture/Terrain/Chunks/Water/Chunk LRT .prefab
  artifactKey: Guid(8a77f40388c477542bcbee2fcf89caf5) Importer(815301076,1909f56bfc062723c751e8b465ee728b)
Start importing Assets/Material/Juel's Texture/Terrain/Chunks/Water/Chunk LRT .prefab using Guid(8a77f40388c477542bcbee2fcf89caf5) Importer(815301076,1909f56bfc062723c751e8b465ee728b)  -> (artifact id: '4d6ad4f7799a7e47b78105a39781a091') in 0.024837 seconds 
========================================================================
Received Import Request.
  Time since last request: 44.150177 seconds.
  path: Assets/Material/Juel's Texture/Terrain/Chunks/Water/GameObject.prefab
  artifactKey: Guid(a3afb33302e706a48ab22dab08a5d453) Importer(815301076,1909f56bfc062723c751e8b465ee728b)
Start importing Assets/Material/Juel's Texture/Terrain/Chunks/Water/GameObject.prefab using Guid(a3afb33302e706a48ab22dab08a5d453) Importer(815301076,1909f56bfc062723c751e8b465ee728b)  -> (artifact id: '28c106be34fe50cdbb9683c407a34ed9') in 0.055247 seconds 
========================================================================
Received Import Request.
  Time since last request: 9.806896 seconds.
  path: Assets/Material/Juel's Texture/Terrain/Chunks/Water/GameObject.prefab
  artifactKey: Guid(a3afb33302e706a48ab22dab08a5d453) Importer(815301076,1909f56bfc062723c751e8b465ee728b)
Start importing Assets/Material/Juel's Texture/Terrain/Chunks/Water/GameObject.prefab using Guid(a3afb33302e706a48ab22dab08a5d453) Importer(815301076,1909f56bfc062723c751e8b465ee728b)  -> (artifact id: '9e07e39e99ed10fa17175c34b21c9984') in 0.044737 seconds 
========================================================================
Received Import Request.
  Time since last request: 14.660498 seconds.
  path: Assets/Material/Juel's Texture/Terrain/Chunks/Water/GameObject.prefab
  artifactKey: Guid(a3afb33302e706a48ab22dab08a5d453) Importer(815301076,1909f56bfc062723c751e8b465ee728b)
Start importing Assets/Material/Juel's Texture/Terrain/Chunks/Water/GameObject.prefab using Guid(a3afb33302e706a48ab22dab08a5d453) Importer(815301076,1909f56bfc062723c751e8b465ee728b)  -> (artifact id: 'aef86fb7f2d4a4c6b89832d1c9db6c77') in 0.057179 seconds 
========================================================================
Received Import Request.
  Time since last request: 5.964707 seconds.
  path: Assets/Material/Juel's Texture/Terrain/Chunks/Water/GameObject.prefab
  artifactKey: Guid(a3afb33302e706a48ab22dab08a5d453) Importer(815301076,1909f56bfc062723c751e8b465ee728b)
Start importing Assets/Material/Juel's Texture/Terrain/Chunks/Water/GameObject.prefab using Guid(a3afb33302e706a48ab22dab08a5d453) Importer(815301076,1909f56bfc062723c751e8b465ee728b)  -> (artifact id: '7108120429658258cd77e92c22063a0a') in 0.039753 seconds 
========================================================================
Received Import Request.
  Time since last request: 41.916006 seconds.
  path: Assets/Material/Juel's Texture/Terrain/Chunks/Water/GameObject 1.prefab
  artifactKey: Guid(cff56cc246fd8cc4bb6ee78bbe2ef565) Importer(815301076,1909f56bfc062723c751e8b465ee728b)
Start importing Assets/Material/Juel's Texture/Terrain/Chunks/Water/GameObject 1.prefab using Guid(cff56cc246fd8cc4bb6ee78bbe2ef565) Importer(815301076,1909f56bfc062723c751e8b465ee728b)  -> (artifact id: 'abf134104978184c452ae9866d2797f1') in 0.049994 seconds 
========================================================================
Received Import Request.
  Time since last request: 19.645489 seconds.
  path: Assets/Material/Juel's Texture/Terrain/Chunks/Water/GameObject 1.prefab
  artifactKey: Guid(cff56cc246fd8cc4bb6ee78bbe2ef565) Importer(815301076,1909f56bfc062723c751e8b465ee728b)
Start importing Assets/Material/Juel's Texture/Terrain/Chunks/Water/GameObject 1.prefab using Guid(cff56cc246fd8cc4bb6ee78bbe2ef565) Importer(815301076,1909f56bfc062723c751e8b465ee728b)  -> (artifact id: '321ea8d1493d60149ba1298121562576') in 0.052254 seconds 
========================================================================
Received Import Request.
  Time since last request: 7.120973 seconds.
  path: Assets/Material/Juel's Texture/Terrain/Chunks/Water/GameObject 1.prefab
  artifactKey: Guid(cff56cc246fd8cc4bb6ee78bbe2ef565) Importer(815301076,1909f56bfc062723c751e8b465ee728b)
Start importing Assets/Material/Juel's Texture/Terrain/Chunks/Water/GameObject 1.prefab using Guid(cff56cc246fd8cc4bb6ee78bbe2ef565) Importer(815301076,1909f56bfc062723c751e8b465ee728b)  -> (artifact id: 'e27efac07d2a467b132b6538495ef175') in 0.044709 seconds 
========================================================================
Received Import Request.
  Time since last request: 3.010029 seconds.
  path: Assets/Material/Juel's Texture/Terrain/Chunks/Water/GameObject 1.prefab
  artifactKey: Guid(cff56cc246fd8cc4bb6ee78bbe2ef565) Importer(815301076,1909f56bfc062723c751e8b465ee728b)
Start importing Assets/Material/Juel's Texture/Terrain/Chunks/Water/GameObject 1.prefab using Guid(cff56cc246fd8cc4bb6ee78bbe2ef565) Importer(815301076,1909f56bfc062723c751e8b465ee728b)  -> (artifact id: '4e70982038a6eb1709eceb150bcc150c') in 0.046671 seconds 
========================================================================
Received Import Request.
  Time since last request: 2.935575 seconds.
  path: Assets/Material/Juel's Texture/Terrain/Chunks/Water/GameObject 1.prefab
  artifactKey: Guid(cff56cc246fd8cc4bb6ee78bbe2ef565) Importer(815301076,1909f56bfc062723c751e8b465ee728b)
Start importing Assets/Material/Juel's Texture/Terrain/Chunks/Water/GameObject 1.prefab using Guid(cff56cc246fd8cc4bb6ee78bbe2ef565) Importer(815301076,1909f56bfc062723c751e8b465ee728b)  -> (artifact id: '43501c28d091455fddc612b0a618f2e1') in 0.040097 seconds 
========================================================================
Received Import Request.
  Time since last request: 2.575460 seconds.
  path: Assets/Material/Juel's Texture/Terrain/Chunks/Water/GameObject 1.prefab
  artifactKey: Guid(cff56cc246fd8cc4bb6ee78bbe2ef565) Importer(815301076,1909f56bfc062723c751e8b465ee728b)
Start importing Assets/Material/Juel's Texture/Terrain/Chunks/Water/GameObject 1.prefab using Guid(cff56cc246fd8cc4bb6ee78bbe2ef565) Importer(815301076,1909f56bfc062723c751e8b465ee728b)  -> (artifact id: 'cb848bf743c5ca67796c74fb3fe37713') in 0.040398 seconds 
========================================================================
Received Import Request.
  Time since last request: 3.988773 seconds.
  path: Assets/Material/Juel's Texture/Terrain/Chunks/Water/GameObject 1.prefab
  artifactKey: Guid(cff56cc246fd8cc4bb6ee78bbe2ef565) Importer(815301076,1909f56bfc062723c751e8b465ee728b)
Start importing Assets/Material/Juel's Texture/Terrain/Chunks/Water/GameObject 1.prefab using Guid(cff56cc246fd8cc4bb6ee78bbe2ef565) Importer(815301076,1909f56bfc062723c751e8b465ee728b)  -> (artifact id: '66fe4a2d29f2c37beb2377ea8a1e1e2b') in 0.047659 seconds 
========================================================================
Received Import Request.
  Time since last request: 6.136307 seconds.
  path: Assets/Material/Juel's Texture/Terrain/Chunks/Water/GameObject 1.prefab
  artifactKey: Guid(cff56cc246fd8cc4bb6ee78bbe2ef565) Importer(815301076,1909f56bfc062723c751e8b465ee728b)
Start importing Assets/Material/Juel's Texture/Terrain/Chunks/Water/GameObject 1.prefab using Guid(cff56cc246fd8cc4bb6ee78bbe2ef565) Importer(815301076,1909f56bfc062723c751e8b465ee728b)  -> (artifact id: '0fb3440fe4266114aac1f72ff4f7782d') in 0.043869 seconds 
========================================================================
Received Import Request.
  Time since last request: 7.620246 seconds.
  path: Assets/Material/Juel's Texture/Terrain/Chunks/Water/GameObject 1.prefab
  artifactKey: Guid(cff56cc246fd8cc4bb6ee78bbe2ef565) Importer(815301076,1909f56bfc062723c751e8b465ee728b)
Start importing Assets/Material/Juel's Texture/Terrain/Chunks/Water/GameObject 1.prefab using Guid(cff56cc246fd8cc4bb6ee78bbe2ef565) Importer(815301076,1909f56bfc062723c751e8b465ee728b)  -> (artifact id: 'ea5522111698a2598c2d84f0d43aa5fa') in 0.054248 seconds 
========================================================================
Received Import Request.
  Time since last request: 10.370447 seconds.
  path: Assets/Material/Juel's Texture/Terrain/Chunks/Water/GameObject 1.prefab
  artifactKey: Guid(cff56cc246fd8cc4bb6ee78bbe2ef565) Importer(815301076,1909f56bfc062723c751e8b465ee728b)
Start importing Assets/Material/Juel's Texture/Terrain/Chunks/Water/GameObject 1.prefab using Guid(cff56cc246fd8cc4bb6ee78bbe2ef565) Importer(815301076,1909f56bfc062723c751e8b465ee728b)  -> (artifact id: 'dfcad9b09be3fc3df76b002514258bf0') in 0.049869 seconds 
========================================================================
Received Import Request.
  Time since last request: 2.763297 seconds.
  path: Assets/Material/Juel's Texture/Terrain/Chunks/Water/GameObject 1.prefab
  artifactKey: Guid(cff56cc246fd8cc4bb6ee78bbe2ef565) Importer(815301076,1909f56bfc062723c751e8b465ee728b)
Start importing Assets/Material/Juel's Texture/Terrain/Chunks/Water/GameObject 1.prefab using Guid(cff56cc246fd8cc4bb6ee78bbe2ef565) Importer(815301076,1909f56bfc062723c751e8b465ee728b)  -> (artifact id: '6cbc372deb26a11e7f073da08bbceed4') in 0.045512 seconds 
========================================================================
Received Import Request.
  Time since last request: 5.986435 seconds.
  path: Assets/Material/Juel's Texture/Terrain/Chunks/Water/GameObject 1.prefab
  artifactKey: Guid(cff56cc246fd8cc4bb6ee78bbe2ef565) Importer(815301076,1909f56bfc062723c751e8b465ee728b)
Start importing Assets/Material/Juel's Texture/Terrain/Chunks/Water/GameObject 1.prefab using Guid(cff56cc246fd8cc4bb6ee78bbe2ef565) Importer(815301076,1909f56bfc062723c751e8b465ee728b)  -> (artifact id: '4e75de70890b30cf509440e41f906777') in 0.057605 seconds 
========================================================================
Received Import Request.
  Time since last request: 6.590532 seconds.
  path: Assets/Material/Juel's Texture/Terrain/Chunks/Water/GameObject 1.prefab
  artifactKey: Guid(cff56cc246fd8cc4bb6ee78bbe2ef565) Importer(815301076,1909f56bfc062723c751e8b465ee728b)
Start importing Assets/Material/Juel's Texture/Terrain/Chunks/Water/GameObject 1.prefab using Guid(cff56cc246fd8cc4bb6ee78bbe2ef565) Importer(815301076,1909f56bfc062723c751e8b465ee728b)  -> (artifact id: 'c081912031325f33ecfdc13fedfb18c9') in 0.046754 seconds 
========================================================================
Received Import Request.
  Time since last request: 4.565795 seconds.
  path: Assets/Material/Juel's Texture/Terrain/Chunks/Water/GameObject 1.prefab
  artifactKey: Guid(cff56cc246fd8cc4bb6ee78bbe2ef565) Importer(815301076,1909f56bfc062723c751e8b465ee728b)
Start importing Assets/Material/Juel's Texture/Terrain/Chunks/Water/GameObject 1.prefab using Guid(cff56cc246fd8cc4bb6ee78bbe2ef565) Importer(815301076,1909f56bfc062723c751e8b465ee728b)  -> (artifact id: 'fe729b56c77898f239c129b30bb0e714') in 0.045151 seconds 
========================================================================
Received Import Request.
  Time since last request: 5.813735 seconds.
  path: Assets/Material/Juel's Texture/Terrain/Chunks/Water/GameObject 1.prefab
  artifactKey: Guid(cff56cc246fd8cc4bb6ee78bbe2ef565) Importer(815301076,1909f56bfc062723c751e8b465ee728b)
Start importing Assets/Material/Juel's Texture/Terrain/Chunks/Water/GameObject 1.prefab using Guid(cff56cc246fd8cc4bb6ee78bbe2ef565) Importer(815301076,1909f56bfc062723c751e8b465ee728b)  -> (artifact id: 'cd5a2656f6fbfc882ba06bde88f244c8') in 0.040399 seconds 
========================================================================
Received Import Request.
  Time since last request: 2.464775 seconds.
  path: Assets/Material/Juel's Texture/Terrain/Chunks/Water/GameObject 1.prefab
  artifactKey: Guid(cff56cc246fd8cc4bb6ee78bbe2ef565) Importer(815301076,1909f56bfc062723c751e8b465ee728b)
Start importing Assets/Material/Juel's Texture/Terrain/Chunks/Water/GameObject 1.prefab using Guid(cff56cc246fd8cc4bb6ee78bbe2ef565) Importer(815301076,1909f56bfc062723c751e8b465ee728b)  -> (artifact id: '8672d1c8fd114bee3eaf9384a7a25ef6') in 0.052259 seconds 
========================================================================
Received Import Request.
  Time since last request: 2.683380 seconds.
  path: Assets/Material/Juel's Texture/Terrain/Chunks/Water/GameObject 1.prefab
  artifactKey: Guid(cff56cc246fd8cc4bb6ee78bbe2ef565) Importer(815301076,1909f56bfc062723c751e8b465ee728b)
Start importing Assets/Material/Juel's Texture/Terrain/Chunks/Water/GameObject 1.prefab using Guid(cff56cc246fd8cc4bb6ee78bbe2ef565) Importer(815301076,1909f56bfc062723c751e8b465ee728b)  -> (artifact id: '51430093f19e6bd1997d9cd071b181da') in 0.043389 seconds 
========================================================================
Received Import Request.
  Time since last request: 3.790249 seconds.
  path: Assets/Material/Juel's Texture/Terrain/Chunks/Water/GameObject 1.prefab
  artifactKey: Guid(cff56cc246fd8cc4bb6ee78bbe2ef565) Importer(815301076,1909f56bfc062723c751e8b465ee728b)
Start importing Assets/Material/Juel's Texture/Terrain/Chunks/Water/GameObject 1.prefab using Guid(cff56cc246fd8cc4bb6ee78bbe2ef565) Importer(815301076,1909f56bfc062723c751e8b465ee728b)  -> (artifact id: '0fb0ba10e279aa157c006afa3ddfa177') in 0.050880 seconds 
========================================================================
Received Import Request.
  Time since last request: 1.760280 seconds.
  path: Assets/Material/Juel's Texture/Terrain/Chunks/Water/GameObject 1.prefab
  artifactKey: Guid(cff56cc246fd8cc4bb6ee78bbe2ef565) Importer(815301076,1909f56bfc062723c751e8b465ee728b)
Start importing Assets/Material/Juel's Texture/Terrain/Chunks/Water/GameObject 1.prefab using Guid(cff56cc246fd8cc4bb6ee78bbe2ef565) Importer(815301076,1909f56bfc062723c751e8b465ee728b)  -> (artifact id: 'e6c2ce5a96592a80d0307b848c6d7390') in 0.042776 seconds 
========================================================================
Received Import Request.
  Time since last request: 6.197851 seconds.
  path: Assets/Material/Juel's Texture/Terrain/Chunks/Water/GameObject 1.prefab
  artifactKey: Guid(cff56cc246fd8cc4bb6ee78bbe2ef565) Importer(815301076,1909f56bfc062723c751e8b465ee728b)
Start importing Assets/Material/Juel's Texture/Terrain/Chunks/Water/GameObject 1.prefab using Guid(cff56cc246fd8cc4bb6ee78bbe2ef565) Importer(815301076,1909f56bfc062723c751e8b465ee728b)  -> (artifact id: '98a8fe53c8d1e66be608263b78bdf48b') in 0.047577 seconds 
========================================================================
Received Import Request.
  Time since last request: 8.213107 seconds.
  path: Assets/Material/Juel's Texture/Terrain/Chunks/Water/GameObject 1.prefab
  artifactKey: Guid(cff56cc246fd8cc4bb6ee78bbe2ef565) Importer(815301076,1909f56bfc062723c751e8b465ee728b)
Start importing Assets/Material/Juel's Texture/Terrain/Chunks/Water/GameObject 1.prefab using Guid(cff56cc246fd8cc4bb6ee78bbe2ef565) Importer(815301076,1909f56bfc062723c751e8b465ee728b)  -> (artifact id: '7d3170dc4ec2dd6876b85dedfa2ab803') in 0.045558 seconds 
========================================================================
Received Import Request.
  Time since last request: 3.767602 seconds.
  path: Assets/Material/Juel's Texture/Terrain/Chunks/Water/GameObject 1.prefab
  artifactKey: Guid(cff56cc246fd8cc4bb6ee78bbe2ef565) Importer(815301076,1909f56bfc062723c751e8b465ee728b)
Start importing Assets/Material/Juel's Texture/Terrain/Chunks/Water/GameObject 1.prefab using Guid(cff56cc246fd8cc4bb6ee78bbe2ef565) Importer(815301076,1909f56bfc062723c751e8b465ee728b)  -> (artifact id: 'c9e979b7992842c54b2a76f7eb2eeb3e') in 0.041045 seconds 
========================================================================
Received Import Request.
  Time since last request: 9.632577 seconds.
  path: Assets/Material/Juel's Texture/Terrain/Chunks/Water/GameObject 1.prefab
  artifactKey: Guid(cff56cc246fd8cc4bb6ee78bbe2ef565) Importer(815301076,1909f56bfc062723c751e8b465ee728b)
Start importing Assets/Material/Juel's Texture/Terrain/Chunks/Water/GameObject 1.prefab using Guid(cff56cc246fd8cc4bb6ee78bbe2ef565) Importer(815301076,1909f56bfc062723c751e8b465ee728b)  -> (artifact id: '70f3d3982ebb402c27fbcaa81ad29f9b') in 0.045207 seconds 
========================================================================
Received Import Request.
  Time since last request: 0.169364 seconds.
  path: Assets/Material/Juel's Texture/Terrain/Chunks/Water/GameObject 1.prefab
  artifactKey: Guid(cff56cc246fd8cc4bb6ee78bbe2ef565) Importer(815301076,1909f56bfc062723c751e8b465ee728b)
Start importing Assets/Material/Juel's Texture/Terrain/Chunks/Water/GameObject 1.prefab using Guid(cff56cc246fd8cc4bb6ee78bbe2ef565) Importer(815301076,1909f56bfc062723c751e8b465ee728b)  -> (artifact id: '0718e4a3768748fe0951da4ea3538cca') in 0.044468 seconds 
========================================================================
Received Import Request.
  Time since last request: 2.363862 seconds.
  path: Assets/Material/Juel's Texture/Terrain/Chunks/Water/GameObject 1.prefab
  artifactKey: Guid(cff56cc246fd8cc4bb6ee78bbe2ef565) Importer(815301076,1909f56bfc062723c751e8b465ee728b)
Start importing Assets/Material/Juel's Texture/Terrain/Chunks/Water/GameObject 1.prefab using Guid(cff56cc246fd8cc4bb6ee78bbe2ef565) Importer(815301076,1909f56bfc062723c751e8b465ee728b)  -> (artifact id: '7fca2b8d76eb39d93c468041fe8cab54') in 0.042695 seconds 
========================================================================
Received Import Request.
  Time since last request: 12.300734 seconds.
  path: Assets/Material/Juel's Texture/Terrain/Chunks/Water/GameObject 1.prefab
  artifactKey: Guid(cff56cc246fd8cc4bb6ee78bbe2ef565) Importer(815301076,1909f56bfc062723c751e8b465ee728b)
Start importing Assets/Material/Juel's Texture/Terrain/Chunks/Water/GameObject 1.prefab using Guid(cff56cc246fd8cc4bb6ee78bbe2ef565) Importer(815301076,1909f56bfc062723c751e8b465ee728b)  -> (artifact id: '1437f7c474f5f1589f24babd359e2681') in 0.044690 seconds 
========================================================================
Received Import Request.
  Time since last request: 3.786813 seconds.
  path: Assets/Material/Juel's Texture/Terrain/Chunks/Water/GameObject 1.prefab
  artifactKey: Guid(cff56cc246fd8cc4bb6ee78bbe2ef565) Importer(815301076,1909f56bfc062723c751e8b465ee728b)
Start importing Assets/Material/Juel's Texture/Terrain/Chunks/Water/GameObject 1.prefab using Guid(cff56cc246fd8cc4bb6ee78bbe2ef565) Importer(815301076,1909f56bfc062723c751e8b465ee728b)  -> (artifact id: 'a798495e6a13ed26311663810042c60b') in 0.046160 seconds 
========================================================================
Received Import Request.
  Time since last request: 12.470483 seconds.
  path: Assets/Material/Juel's Texture/Terrain/Chunks/Water/GameObject 1.prefab
  artifactKey: Guid(cff56cc246fd8cc4bb6ee78bbe2ef565) Importer(815301076,1909f56bfc062723c751e8b465ee728b)
Start importing Assets/Material/Juel's Texture/Terrain/Chunks/Water/GameObject 1.prefab using Guid(cff56cc246fd8cc4bb6ee78bbe2ef565) Importer(815301076,1909f56bfc062723c751e8b465ee728b)  -> (artifact id: '8d1f435a9ccabb9115e7f966aaa48859') in 0.053900 seconds 
========================================================================
Received Import Request.
  Time since last request: 6.002854 seconds.
  path: Assets/Material/Juel's Texture/Terrain/Chunks/Water/GameObject 1.prefab
  artifactKey: Guid(cff56cc246fd8cc4bb6ee78bbe2ef565) Importer(815301076,1909f56bfc062723c751e8b465ee728b)
Start importing Assets/Material/Juel's Texture/Terrain/Chunks/Water/GameObject 1.prefab using Guid(cff56cc246fd8cc4bb6ee78bbe2ef565) Importer(815301076,1909f56bfc062723c751e8b465ee728b)  -> (artifact id: '86cf6392b040937f78f04475dfb08a08') in 0.043357 seconds 
========================================================================
Received Import Request.
  Time since last request: 5.029696 seconds.
  path: Assets/Material/Juel's Texture/Terrain/Chunks/Water/GameObject 1.prefab
  artifactKey: Guid(cff56cc246fd8cc4bb6ee78bbe2ef565) Importer(815301076,1909f56bfc062723c751e8b465ee728b)
Start importing Assets/Material/Juel's Texture/Terrain/Chunks/Water/GameObject 1.prefab using Guid(cff56cc246fd8cc4bb6ee78bbe2ef565) Importer(815301076,1909f56bfc062723c751e8b465ee728b)  -> (artifact id: '04764fb6415ef940e57c7c0962160012') in 0.042983 seconds 
========================================================================
Received Import Request.
  Time since last request: 1.136613 seconds.
  path: Assets/Material/Juel's Texture/Terrain/Chunks/Water/GameObject 1.prefab
  artifactKey: Guid(cff56cc246fd8cc4bb6ee78bbe2ef565) Importer(815301076,1909f56bfc062723c751e8b465ee728b)
Start importing Assets/Material/Juel's Texture/Terrain/Chunks/Water/GameObject 1.prefab using Guid(cff56cc246fd8cc4bb6ee78bbe2ef565) Importer(815301076,1909f56bfc062723c751e8b465ee728b)  -> (artifact id: 'e0231af3734eb10fb683af997a05e9ed') in 0.047261 seconds 
========================================================================
Received Import Request.
  Time since last request: 6.006355 seconds.
  path: Assets/Material/Juel's Texture/Terrain/Chunks/Water/GameObject 1.prefab
  artifactKey: Guid(cff56cc246fd8cc4bb6ee78bbe2ef565) Importer(815301076,1909f56bfc062723c751e8b465ee728b)
Start importing Assets/Material/Juel's Texture/Terrain/Chunks/Water/GameObject 1.prefab using Guid(cff56cc246fd8cc4bb6ee78bbe2ef565) Importer(815301076,1909f56bfc062723c751e8b465ee728b)  -> (artifact id: 'b42136c60188366603ada9095c357979') in 0.051193 seconds 
========================================================================
Received Import Request.
  Time since last request: 25.978745 seconds.
  path: Assets/Material/Juel's Texture/Terrain/Chunks/Water/GameObject 1.prefab
  artifactKey: Guid(cff56cc246fd8cc4bb6ee78bbe2ef565) Importer(815301076,1909f56bfc062723c751e8b465ee728b)
Start importing Assets/Material/Juel's Texture/Terrain/Chunks/Water/GameObject 1.prefab using Guid(cff56cc246fd8cc4bb6ee78bbe2ef565) Importer(815301076,1909f56bfc062723c751e8b465ee728b)  -> (artifact id: 'b5290601a8b38737ea06a367ebfa8653') in 0.043571 seconds 
========================================================================
Received Import Request.
  Time since last request: 4.990432 seconds.
  path: Assets/Material/Juel's Texture/Terrain/Chunks/Water/GameObject 1.prefab
  artifactKey: Guid(cff56cc246fd8cc4bb6ee78bbe2ef565) Importer(815301076,1909f56bfc062723c751e8b465ee728b)
Start importing Assets/Material/Juel's Texture/Terrain/Chunks/Water/GameObject 1.prefab using Guid(cff56cc246fd8cc4bb6ee78bbe2ef565) Importer(815301076,1909f56bfc062723c751e8b465ee728b)  -> (artifact id: 'ccc4d40689519f2c6fbaa37cafe422c4') in 0.043555 seconds 
========================================================================
Received Import Request.
  Time since last request: 3.981238 seconds.
  path: Assets/Material/Juel's Texture/Terrain/Chunks/Water/GameObject 1.prefab
  artifactKey: Guid(cff56cc246fd8cc4bb6ee78bbe2ef565) Importer(815301076,1909f56bfc062723c751e8b465ee728b)
Start importing Assets/Material/Juel's Texture/Terrain/Chunks/Water/GameObject 1.prefab using Guid(cff56cc246fd8cc4bb6ee78bbe2ef565) Importer(815301076,1909f56bfc062723c751e8b465ee728b)  -> (artifact id: 'b1d21d4e1b22b33d4d04ee9a3b85b700') in 0.049188 seconds 
========================================================================
Received Import Request.
  Time since last request: 13.501435 seconds.
  path: Assets/Material/Juel's Texture/Terrain/Chunks/Water/GameObject 1.prefab
  artifactKey: Guid(cff56cc246fd8cc4bb6ee78bbe2ef565) Importer(815301076,1909f56bfc062723c751e8b465ee728b)
Start importing Assets/Material/Juel's Texture/Terrain/Chunks/Water/GameObject 1.prefab using Guid(cff56cc246fd8cc4bb6ee78bbe2ef565) Importer(815301076,1909f56bfc062723c751e8b465ee728b)  -> (artifact id: '7a3a8420d42741079e6c14346a992716') in 0.046804 seconds 
========================================================================
Received Import Request.
  Time since last request: 12.678211 seconds.
  path: Assets/Material/Juel's Texture/Terrain/Chunks/Water/GameObject 1.prefab
  artifactKey: Guid(cff56cc246fd8cc4bb6ee78bbe2ef565) Importer(815301076,1909f56bfc062723c751e8b465ee728b)
Start importing Assets/Material/Juel's Texture/Terrain/Chunks/Water/GameObject 1.prefab using Guid(cff56cc246fd8cc4bb6ee78bbe2ef565) Importer(815301076,1909f56bfc062723c751e8b465ee728b)  -> (artifact id: '5312487fc5162ffbb0c72a5d39d3d692') in 0.048022 seconds 
========================================================================
Received Import Request.
  Time since last request: 1.756469 seconds.
  path: Assets/Material/Juel's Texture/Terrain/Chunks/Water/GameObject 1.prefab
  artifactKey: Guid(cff56cc246fd8cc4bb6ee78bbe2ef565) Importer(815301076,1909f56bfc062723c751e8b465ee728b)
Start importing Assets/Material/Juel's Texture/Terrain/Chunks/Water/GameObject 1.prefab using Guid(cff56cc246fd8cc4bb6ee78bbe2ef565) Importer(815301076,1909f56bfc062723c751e8b465ee728b)  -> (artifact id: 'd384b91cfa4b2dc31da5faeeffe690af') in 0.046115 seconds 
========================================================================
Received Import Request.
  Time since last request: 2.191430 seconds.
  path: Assets/Material/Juel's Texture/Terrain/Chunks/Water/GameObject 1.prefab
  artifactKey: Guid(cff56cc246fd8cc4bb6ee78bbe2ef565) Importer(815301076,1909f56bfc062723c751e8b465ee728b)
Start importing Assets/Material/Juel's Texture/Terrain/Chunks/Water/GameObject 1.prefab using Guid(cff56cc246fd8cc4bb6ee78bbe2ef565) Importer(815301076,1909f56bfc062723c751e8b465ee728b)  -> (artifact id: 'aa3dfd2603851177609270e6dddfaef8') in 0.046052 seconds 
========================================================================
Received Import Request.
  Time since last request: 3.362381 seconds.
  path: Assets/Material/Juel's Texture/Terrain/Chunks/Water/GameObject 1.prefab
  artifactKey: Guid(cff56cc246fd8cc4bb6ee78bbe2ef565) Importer(815301076,1909f56bfc062723c751e8b465ee728b)
Start importing Assets/Material/Juel's Texture/Terrain/Chunks/Water/GameObject 1.prefab using Guid(cff56cc246fd8cc4bb6ee78bbe2ef565) Importer(815301076,1909f56bfc062723c751e8b465ee728b)  -> (artifact id: 'c3c8f52573cc2b8dba1017ed16162ede') in 0.040371 seconds 
========================================================================
Received Import Request.
  Time since last request: 3.764411 seconds.
  path: Assets/Material/Juel's Texture/Terrain/Chunks/Water/GameObject 1.prefab
  artifactKey: Guid(cff56cc246fd8cc4bb6ee78bbe2ef565) Importer(815301076,1909f56bfc062723c751e8b465ee728b)
Start importing Assets/Material/Juel's Texture/Terrain/Chunks/Water/GameObject 1.prefab using Guid(cff56cc246fd8cc4bb6ee78bbe2ef565) Importer(815301076,1909f56bfc062723c751e8b465ee728b)  -> (artifact id: '8ac5fc9c86ec9ad29324df7ec2f72517') in 0.046312 seconds 
========================================================================
Received Import Request.
  Time since last request: 4.185429 seconds.
  path: Assets/Material/Juel's Texture/Terrain/Chunks/Water/GameObject 1.prefab
  artifactKey: Guid(cff56cc246fd8cc4bb6ee78bbe2ef565) Importer(815301076,1909f56bfc062723c751e8b465ee728b)
Start importing Assets/Material/Juel's Texture/Terrain/Chunks/Water/GameObject 1.prefab using Guid(cff56cc246fd8cc4bb6ee78bbe2ef565) Importer(815301076,1909f56bfc062723c751e8b465ee728b)  -> (artifact id: '37cb6d3a49280e0f3879246b56aeafa6') in 0.050641 seconds 
========================================================================
Received Import Request.
  Time since last request: 4.972624 seconds.
  path: Assets/Material/Juel's Texture/Terrain/Chunks/Water/GameObject 1.prefab
  artifactKey: Guid(cff56cc246fd8cc4bb6ee78bbe2ef565) Importer(815301076,1909f56bfc062723c751e8b465ee728b)
Start importing Assets/Material/Juel's Texture/Terrain/Chunks/Water/GameObject 1.prefab using Guid(cff56cc246fd8cc4bb6ee78bbe2ef565) Importer(815301076,1909f56bfc062723c751e8b465ee728b)  -> (artifact id: '3a60131cb22f00512b24c4871dadd26f') in 0.046782 seconds 
========================================================================
Received Import Request.
  Time since last request: 6.613233 seconds.
  path: Assets/Material/Juel's Texture/Terrain/Chunks/Water/GameObject 1.prefab
  artifactKey: Guid(cff56cc246fd8cc4bb6ee78bbe2ef565) Importer(815301076,1909f56bfc062723c751e8b465ee728b)
Start importing Assets/Material/Juel's Texture/Terrain/Chunks/Water/GameObject 1.prefab using Guid(cff56cc246fd8cc4bb6ee78bbe2ef565) Importer(815301076,1909f56bfc062723c751e8b465ee728b)  -> (artifact id: '7ec6d0054fe2f435428ba18829145859') in 0.041176 seconds 
========================================================================
Received Import Request.
  Time since last request: 6.161566 seconds.
  path: Assets/Material/Juel's Texture/Terrain/Chunks/Water/GameObject 1.prefab
  artifactKey: Guid(cff56cc246fd8cc4bb6ee78bbe2ef565) Importer(815301076,1909f56bfc062723c751e8b465ee728b)
Start importing Assets/Material/Juel's Texture/Terrain/Chunks/Water/GameObject 1.prefab using Guid(cff56cc246fd8cc4bb6ee78bbe2ef565) Importer(815301076,1909f56bfc062723c751e8b465ee728b)  -> (artifact id: '3a1ec0fed5acb9be199996b5a049d92f') in 0.045697 seconds 
========================================================================
Received Import Request.
  Time since last request: 0.761369 seconds.
  path: Assets/Material/Juel's Texture/Terrain/Chunks/Water/GameObject 1.prefab
  artifactKey: Guid(cff56cc246fd8cc4bb6ee78bbe2ef565) Importer(815301076,1909f56bfc062723c751e8b465ee728b)
Start importing Assets/Material/Juel's Texture/Terrain/Chunks/Water/GameObject 1.prefab using Guid(cff56cc246fd8cc4bb6ee78bbe2ef565) Importer(815301076,1909f56bfc062723c751e8b465ee728b)  -> (artifact id: '5db3c96fa1538817f9de32b11df2a0e7') in 0.047848 seconds 
========================================================================
Received Import Request.
  Time since last request: 0.544285 seconds.
  path: Assets/Material/Juel's Texture/Terrain/Chunks/Water/GameObject 1.prefab
  artifactKey: Guid(cff56cc246fd8cc4bb6ee78bbe2ef565) Importer(815301076,1909f56bfc062723c751e8b465ee728b)
Start importing Assets/Material/Juel's Texture/Terrain/Chunks/Water/GameObject 1.prefab using Guid(cff56cc246fd8cc4bb6ee78bbe2ef565) Importer(815301076,1909f56bfc062723c751e8b465ee728b)  -> (artifact id: '91d64bc6637b02a37b3a012834182499') in 0.043254 seconds 
========================================================================
Received Import Request.
  Time since last request: 1.521916 seconds.
  path: Assets/Material/Juel's Texture/Terrain/Chunks/Water/GameObject 1.prefab
  artifactKey: Guid(cff56cc246fd8cc4bb6ee78bbe2ef565) Importer(815301076,1909f56bfc062723c751e8b465ee728b)
Start importing Assets/Material/Juel's Texture/Terrain/Chunks/Water/GameObject 1.prefab using Guid(cff56cc246fd8cc4bb6ee78bbe2ef565) Importer(815301076,1909f56bfc062723c751e8b465ee728b)  -> (artifact id: 'ddb0941cd8066b9af0d16f2f4228033f') in 0.042600 seconds 
========================================================================
Received Import Request.
  Time since last request: 6.814594 seconds.
  path: Assets/Material/Juel's Texture/Terrain/Chunks/Water/GameObject 1.prefab
  artifactKey: Guid(cff56cc246fd8cc4bb6ee78bbe2ef565) Importer(815301076,1909f56bfc062723c751e8b465ee728b)
Start importing Assets/Material/Juel's Texture/Terrain/Chunks/Water/GameObject 1.prefab using Guid(cff56cc246fd8cc4bb6ee78bbe2ef565) Importer(815301076,1909f56bfc062723c751e8b465ee728b)  -> (artifact id: '90718dcac0c52edb0b2fd72f62a8d44e') in 0.048041 seconds 
========================================================================
Received Import Request.
  Time since last request: 3.372498 seconds.
  path: Assets/Material/Juel's Texture/Terrain/Chunks/Water/GameObject 1.prefab
  artifactKey: Guid(cff56cc246fd8cc4bb6ee78bbe2ef565) Importer(815301076,1909f56bfc062723c751e8b465ee728b)
Start importing Assets/Material/Juel's Texture/Terrain/Chunks/Water/GameObject 1.prefab using Guid(cff56cc246fd8cc4bb6ee78bbe2ef565) Importer(815301076,1909f56bfc062723c751e8b465ee728b)  -> (artifact id: '3532ae4b5b4b35bcdc1897a8ef00a74f') in 0.048431 seconds 
========================================================================
Received Import Request.
  Time since last request: 24.784956 seconds.
  path: Assets/Material/Juel's Texture/Terrain/Chunks/Water/GameObject 1.prefab
  artifactKey: Guid(cff56cc246fd8cc4bb6ee78bbe2ef565) Importer(815301076,1909f56bfc062723c751e8b465ee728b)
Start importing Assets/Material/Juel's Texture/Terrain/Chunks/Water/GameObject 1.prefab using Guid(cff56cc246fd8cc4bb6ee78bbe2ef565) Importer(815301076,1909f56bfc062723c751e8b465ee728b)  -> (artifact id: 'c767de216455ba88c80e962833ed6a95') in 0.048045 seconds 
========================================================================
Received Import Request.
  Time since last request: 127.531689 seconds.
  path: Assets/Material/Juel's Texture/Terrain/Chunks/Water/GameObject 1.prefab
  artifactKey: Guid(cff56cc246fd8cc4bb6ee78bbe2ef565) Importer(815301076,1909f56bfc062723c751e8b465ee728b)
Start importing Assets/Material/Juel's Texture/Terrain/Chunks/Water/GameObject 1.prefab using Guid(cff56cc246fd8cc4bb6ee78bbe2ef565) Importer(815301076,1909f56bfc062723c751e8b465ee728b)  -> (artifact id: '2c31afd0e6b64af14d66c32b46caefdf') in 1.129211 seconds 
========================================================================
Received Import Request.
  Time since last request: 21.770220 seconds.
  path: Assets/Material/Juel's Texture/Terrain/Chunks/Water/GameObject 1.prefab
  artifactKey: Guid(cff56cc246fd8cc4bb6ee78bbe2ef565) Importer(815301076,1909f56bfc062723c751e8b465ee728b)
Start importing Assets/Material/Juel's Texture/Terrain/Chunks/Water/GameObject 1.prefab using Guid(cff56cc246fd8cc4bb6ee78bbe2ef565) Importer(815301076,1909f56bfc062723c751e8b465ee728b)  -> (artifact id: '5a3e237fa5278791c4b94bed6e2a68ce') in 0.045985 seconds 
========================================================================
Received Import Request.
  Time since last request: 6.171098 seconds.
  path: Assets/Material/Juel's Texture/Terrain/Chunks/Water/GameObject 1.prefab
  artifactKey: Guid(cff56cc246fd8cc4bb6ee78bbe2ef565) Importer(815301076,1909f56bfc062723c751e8b465ee728b)
Start importing Assets/Material/Juel's Texture/Terrain/Chunks/Water/GameObject 1.prefab using Guid(cff56cc246fd8cc4bb6ee78bbe2ef565) Importer(815301076,1909f56bfc062723c751e8b465ee728b)  -> (artifact id: '621db535fec3d816bfd158438b32eca0') in 0.042458 seconds 
========================================================================
Received Import Request.
  Time since last request: 7.060623 seconds.
  path: Assets/Material/Juel's Texture/Terrain/Chunks/Water/GameObject 1.prefab
  artifactKey: Guid(cff56cc246fd8cc4bb6ee78bbe2ef565) Importer(815301076,1909f56bfc062723c751e8b465ee728b)
Start importing Assets/Material/Juel's Texture/Terrain/Chunks/Water/GameObject 1.prefab using Guid(cff56cc246fd8cc4bb6ee78bbe2ef565) Importer(815301076,1909f56bfc062723c751e8b465ee728b)  -> (artifact id: 'fff8cdee6c40c2f9c3f6bf9664295dc9') in 0.047296 seconds 
========================================================================
Received Import Request.
  Time since last request: 4.753286 seconds.
  path: Assets/Material/Juel's Texture/Terrain/Chunks/Water/GameObject 1.prefab
  artifactKey: Guid(cff56cc246fd8cc4bb6ee78bbe2ef565) Importer(815301076,1909f56bfc062723c751e8b465ee728b)
Start importing Assets/Material/Juel's Texture/Terrain/Chunks/Water/GameObject 1.prefab using Guid(cff56cc246fd8cc4bb6ee78bbe2ef565) Importer(815301076,1909f56bfc062723c751e8b465ee728b)  -> (artifact id: '9ddc7efb2476270fe7fc430c8cda80a5') in 0.041754 seconds 
========================================================================
Received Import Request.
  Time since last request: 8.016636 seconds.
  path: Assets/Material/Juel's Texture/Terrain/Chunks/Water/GameObject 1.prefab
  artifactKey: Guid(cff56cc246fd8cc4bb6ee78bbe2ef565) Importer(815301076,1909f56bfc062723c751e8b465ee728b)
Start importing Assets/Material/Juel's Texture/Terrain/Chunks/Water/GameObject 1.prefab using Guid(cff56cc246fd8cc4bb6ee78bbe2ef565) Importer(815301076,1909f56bfc062723c751e8b465ee728b)  -> (artifact id: 'f5961ba7a70f7fa33890ffe82cef1d0f') in 0.042765 seconds 
========================================================================
Received Import Request.
  Time since last request: 4.420338 seconds.
  path: Assets/Material/Juel's Texture/Terrain/Chunks/Water/GameObject 1.prefab
  artifactKey: Guid(cff56cc246fd8cc4bb6ee78bbe2ef565) Importer(815301076,1909f56bfc062723c751e8b465ee728b)
Start importing Assets/Material/Juel's Texture/Terrain/Chunks/Water/GameObject 1.prefab using Guid(cff56cc246fd8cc4bb6ee78bbe2ef565) Importer(815301076,1909f56bfc062723c751e8b465ee728b)  -> (artifact id: '626c2ff9baee0ccbe5d53889e9112458') in 0.045651 seconds 
========================================================================
Received Import Request.
  Time since last request: 2.152697 seconds.
  path: Assets/Material/Juel's Texture/Terrain/Chunks/Water/GameObject 1.prefab
  artifactKey: Guid(cff56cc246fd8cc4bb6ee78bbe2ef565) Importer(815301076,1909f56bfc062723c751e8b465ee728b)
Start importing Assets/Material/Juel's Texture/Terrain/Chunks/Water/GameObject 1.prefab using Guid(cff56cc246fd8cc4bb6ee78bbe2ef565) Importer(815301076,1909f56bfc062723c751e8b465ee728b)  -> (artifact id: 'd8c86dd155293449d82c4fc18b679a07') in 0.060533 seconds 
========================================================================
Received Import Request.
  Time since last request: 2.721467 seconds.
  path: Assets/Material/Juel's Texture/Terrain/Chunks/Water/GameObject 1.prefab
  artifactKey: Guid(cff56cc246fd8cc4bb6ee78bbe2ef565) Importer(815301076,1909f56bfc062723c751e8b465ee728b)
Start importing Assets/Material/Juel's Texture/Terrain/Chunks/Water/GameObject 1.prefab using Guid(cff56cc246fd8cc4bb6ee78bbe2ef565) Importer(815301076,1909f56bfc062723c751e8b465ee728b)  -> (artifact id: '20d0563d05ffc73a20a1f2138c2c45fb') in 0.041064 seconds 
========================================================================
Received Import Request.
  Time since last request: 5.527970 seconds.
  path: Assets/Material/Juel's Texture/Terrain/Chunks/Water/GameObject 1.prefab
  artifactKey: Guid(cff56cc246fd8cc4bb6ee78bbe2ef565) Importer(815301076,1909f56bfc062723c751e8b465ee728b)
Start importing Assets/Material/Juel's Texture/Terrain/Chunks/Water/GameObject 1.prefab using Guid(cff56cc246fd8cc4bb6ee78bbe2ef565) Importer(815301076,1909f56bfc062723c751e8b465ee728b)  -> (artifact id: '943efa01cc3a0a4a73ed373aee327b1f') in 0.045030 seconds 
========================================================================
Received Import Request.
  Time since last request: 3.495787 seconds.
  path: Assets/Material/Juel's Texture/Terrain/Chunks/Water/GameObject 1.prefab
  artifactKey: Guid(cff56cc246fd8cc4bb6ee78bbe2ef565) Importer(815301076,1909f56bfc062723c751e8b465ee728b)
Start importing Assets/Material/Juel's Texture/Terrain/Chunks/Water/GameObject 1.prefab using Guid(cff56cc246fd8cc4bb6ee78bbe2ef565) Importer(815301076,1909f56bfc062723c751e8b465ee728b)  -> (artifact id: '3ffbc23411f8ac386382136f2c7a709a') in 0.045555 seconds 
========================================================================
Received Import Request.
  Time since last request: 3.171450 seconds.
  path: Assets/Material/Juel's Texture/Terrain/Chunks/Water/GameObject 1.prefab
  artifactKey: Guid(cff56cc246fd8cc4bb6ee78bbe2ef565) Importer(815301076,1909f56bfc062723c751e8b465ee728b)
Start importing Assets/Material/Juel's Texture/Terrain/Chunks/Water/GameObject 1.prefab using Guid(cff56cc246fd8cc4bb6ee78bbe2ef565) Importer(815301076,1909f56bfc062723c751e8b465ee728b)  -> (artifact id: 'e2d7e56398628f22c0d50c8c18c9a924') in 0.060932 seconds 
========================================================================
Received Import Request.
  Time since last request: 19.463035 seconds.
  path: Assets/Material/Juel's Texture/Terrain/Chunks/Water/Dirt.mat
  artifactKey: Guid(2df2e14f90c437244ad0cacdd24a20e3) Importer(815301076,1909f56bfc062723c751e8b465ee728b)
Start importing Assets/Material/Juel's Texture/Terrain/Chunks/Water/Dirt.mat using Guid(2df2e14f90c437244ad0cacdd24a20e3) Importer(815301076,1909f56bfc062723c751e8b465ee728b)  -> (artifact id: 'd44b132b1d474b0cafb76f2097e8ef29') in 0.018302 seconds 
========================================================================
Received Import Request.
  Time since last request: 6.051370 seconds.
  path: Assets/Material/Juel's Texture/Terrain/Chunks/Water/GameObject 1.prefab
  artifactKey: Guid(cff56cc246fd8cc4bb6ee78bbe2ef565) Importer(815301076,1909f56bfc062723c751e8b465ee728b)
Start importing Assets/Material/Juel's Texture/Terrain/Chunks/Water/GameObject 1.prefab using Guid(cff56cc246fd8cc4bb6ee78bbe2ef565) Importer(815301076,1909f56bfc062723c751e8b465ee728b)  -> (artifact id: 'd33dcb3e61bc1034202fdbad2ea3ae9f') in 0.042669 seconds 
========================================================================
Received Import Request.
  Time since last request: 2.209522 seconds.
  path: Assets/Material/Juel's Texture/Terrain/Chunks/Water/GameObject 1.prefab
  artifactKey: Guid(cff56cc246fd8cc4bb6ee78bbe2ef565) Importer(815301076,1909f56bfc062723c751e8b465ee728b)
Start importing Assets/Material/Juel's Texture/Terrain/Chunks/Water/GameObject 1.prefab using Guid(cff56cc246fd8cc4bb6ee78bbe2ef565) Importer(815301076,1909f56bfc062723c751e8b465ee728b)  -> (artifact id: 'd504213d55fa2cbb3df7be584d401488') in 0.044009 seconds 
========================================================================
Received Import Request.
  Time since last request: 2.933124 seconds.
  path: Assets/Material/Juel's Texture/Terrain/Chunks/Water/GameObject 1.prefab
  artifactKey: Guid(cff56cc246fd8cc4bb6ee78bbe2ef565) Importer(815301076,1909f56bfc062723c751e8b465ee728b)
Start importing Assets/Material/Juel's Texture/Terrain/Chunks/Water/GameObject 1.prefab using Guid(cff56cc246fd8cc4bb6ee78bbe2ef565) Importer(815301076,1909f56bfc062723c751e8b465ee728b)  -> (artifact id: 'da1f0b93804bb4c7314b1044c7fd19a9') in 0.045078 seconds 
========================================================================
Received Import Request.
  Time since last request: 2.404066 seconds.
  path: Assets/Material/Juel's Texture/Terrain/Chunks/Water/GameObject 1.prefab
  artifactKey: Guid(cff56cc246fd8cc4bb6ee78bbe2ef565) Importer(815301076,1909f56bfc062723c751e8b465ee728b)
Start importing Assets/Material/Juel's Texture/Terrain/Chunks/Water/GameObject 1.prefab using Guid(cff56cc246fd8cc4bb6ee78bbe2ef565) Importer(815301076,1909f56bfc062723c751e8b465ee728b)  -> (artifact id: '55b60bde05ad40522c876a691fe9e57f') in 0.040288 seconds 
========================================================================
Received Import Request.
  Time since last request: 61.107695 seconds.
  path: Assets/Material/Juel's Texture/Terrain/Chunks/Water/GameObject 1.prefab
  artifactKey: Guid(cff56cc246fd8cc4bb6ee78bbe2ef565) Importer(815301076,1909f56bfc062723c751e8b465ee728b)
Start importing Assets/Material/Juel's Texture/Terrain/Chunks/Water/GameObject 1.prefab using Guid(cff56cc246fd8cc4bb6ee78bbe2ef565) Importer(815301076,1909f56bfc062723c751e8b465ee728b)  -> (artifact id: 'f113609a05da0734dd8865394a97e08b') in 0.041417 seconds 
========================================================================
Received Import Request.
  Time since last request: 45.447214 seconds.
  path: Assets/Material/Juel's Texture/Terrain/Chunks/Water/Chunk LRT.prefab
  artifactKey: Guid(b1ca29800e6860542ab189c3546164b5) Importer(815301076,1909f56bfc062723c751e8b465ee728b)
Start importing Assets/Material/Juel's Texture/Terrain/Chunks/Water/Chunk LRT.prefab using Guid(b1ca29800e6860542ab189c3546164b5) Importer(815301076,1909f56bfc062723c751e8b465ee728b)  -> (artifact id: 'e4545495f9754cb06970446f81bd09a7') in 0.050471 seconds 
========================================================================
Received Prepare
Registering precompiled user dll's ...
Registered in 0.015617 seconds.
Begin MonoManager ReloadAssembly
Symbol file LoadedFromMemory doesn't match image D:\Store\UNI\Year 3\Advanced Games Design and Development\Repo\V2\BalanceGameV2\BalanceGameV2GameFiles\Library\PackageCache\com.unity.visualscripting@1.7.8\Editor\VisualScripting.Core\Dependencies\YamlDotNet\Unity.VisualScripting.YamlDotNet.dll
Symbol file LoadedFromMemory doesn't match image D:\Store\UNI\Year 3\Advanced Games Design and Development\Repo\V2\BalanceGameV2\BalanceGameV2GameFiles\Library\PackageCache\com.unity.visualscripting@1.7.8\Editor\VisualScripting.Core\Dependencies\DotNetZip\Unity.VisualScripting.IonicZip.dll
Native extension for WindowsStandalone target not found
Refreshing native plugins compatible for Editor in 1.17 ms, found 3 plugins.
Preloading 0 native plugins for Editor in 0.00 ms.
Mono: successfully reloaded assembly
- Completed reload, in  1.687 seconds
Domain Reload Profiling:
	ReloadAssembly (1688ms)
		BeginReloadAssembly (225ms)
			ExecutionOrderSort (0ms)
			DisableScriptedObjects (7ms)
			BackupInstance (0ms)
			ReleaseScriptingObjects (0ms)
			CreateAndSetChildDomain (76ms)
		EndReloadAssembly (1334ms)
			LoadAssemblies (165ms)
			RebuildTransferFunctionScriptingTraits (0ms)
			SetupTypeCache (445ms)
			ReleaseScriptCaches (3ms)
			RebuildScriptCaches (68ms)
			SetupLoadedEditorAssemblies (617ms)
				LogAssemblyErrors (0ms)
				InitializePlatformSupportModulesInManaged (14ms)
				SetLoadedEditorAssemblies (1ms)
				RefreshPlugins (1ms)
				BeforeProcessingInitializeOnLoad (114ms)
				ProcessInitializeOnLoadAttributes (357ms)
				ProcessInitializeOnLoadMethodAttributes (123ms)
				AfterProcessingInitializeOnLoad (6ms)
				EditorAssembliesLoaded (0ms)
			ExecutionOrderSort2 (0ms)
			AwakeInstancesAfterBackupRestoration (18ms)
Platform modules already initialized, skipping
Refreshing native plugins compatible for Editor in 4.34 ms, found 3 plugins.
Preloading 0 native plugins for Editor in 0.00 ms.
Unloading 5253 Unused Serialized files (Serialized files now loaded: 0)
Unloading 29 unused Assets / (0.7 MB). Loaded Objects now: 5854.
Memory consumption went from 207.8 MB to 207.0 MB.
Total: 4.357500 ms (FindLiveObjects: 0.400100 ms CreateObjectMapping: 0.194600 ms MarkObjects: 3.299600 ms  DeleteObjects: 0.462300 ms)

AssetImportParameters requested are different than current active one (requested -> active):
  custom:video-decoder-ogg-theora: a1e56fd34408186e4bbccfd4996cb3dc -> 
  custom:container-muxer-webm: aa71ff27fc2769a1b78a27578f13a17b -> 
  custom:container-demuxer-webm: 4f35f7cbe854078d1ac9338744f61a02 -> 
  custom:video-encoder-webm-vp8: eb34c28f22e8b96e1ab97ce403110664 -> 
  custom:video-codec-MediaFoundation-h265: 746d11721c4dcdbdad8f713fa42b33f4 -> 
  custom:audio-encoder-webm-vorbis: bf7c407c2cedff20999df2af8eb42d56 -> 
  custom:framework-win-MediaFoundation: 216162199b28c13a410421893ffa2e32 -> 
  custom:container-demuxer-ogg: 62fdf1f143b41e24485cea50d1cbac27 -> 
  custom:video-decoder-webm-vp8: 9c59270c3fd7afecdb556c50c9e8de78 -> 
  custom:audio-decoder-ogg-vorbis: bf7c407c2cedff20999df2af8eb42d56 -> 
========================================================================
Received Import Request.
  Time since last request: 41.554398 seconds.
  path: Assets/Material/Juel's Texture/Terrain/Chunks/Water/Chunk LRT.prefab
  artifactKey: Guid(b1ca29800e6860542ab189c3546164b5) Importer(815301076,1909f56bfc062723c751e8b465ee728b)
Start importing Assets/Material/Juel's Texture/Terrain/Chunks/Water/Chunk LRT.prefab using Guid(b1ca29800e6860542ab189c3546164b5) Importer(815301076,1909f56bfc062723c751e8b465ee728b)  -> (artifact id: '6a0ad162ab69cbb1dddefc9412fa452f') in 0.104224 seconds 
